<?xml version="1.0" encoding="UTF-8"?>
<testng-results ignored="0" total="6" passed="6" failed="0" skipped="0">
  <reporter-output>
  </reporter-output>
  <suite started-at="2024-09-30T12:27:44 CDT" name="Default suite" finished-at="2024-09-30T12:28:00 CDT" duration-ms="16002">
    <groups>
      <group name="cucumber">
        <method signature="AbstractTestNGCucumberTests.runScenario(io.cucumber.testng.PickleWrapper,io.cucumber.testng.FeatureWrapper)[pri:0, instance:runner.testrunner@5023bb8b]" name="runScenario" class="io.cucumber.testng.AbstractTestNGCucumberTests"/>
      </group> <!-- cucumber -->
    </groups>
    <test started-at="2024-09-30T12:27:44 CDT" name="Default test" finished-at="2024-09-30T12:28:00 CDT" duration-ms="16002">
      <class name="runner.testrunner">
        <test-method is-config="true" signature="setUpClass(org.testng.ITestContext)[pri:0, instance:runner.testrunner@5023bb8b]" started-at="2024-09-30T12:27:44 CDT" name="setUpClass" finished-at="2024-09-30T12:27:45 CDT" duration-ms="939" status="PASS">
          <params>
            <param index="0">
              <value>
                <![CDATA[org.testng.TestRunner@3cd89c72]]>
              </value>
            </param>
          </params>
          <reporter-output>
          </reporter-output>
        </test-method> <!-- setUpClass -->
        <test-method signature="runScenario(io.cucumber.testng.PickleWrapper,io.cucumber.testng.FeatureWrapper)[pri:0, instance:runner.testrunner@5023bb8b]" started-at="2024-09-30T12:27:45 CDT" name="runScenario" description="Runs Cucumber Scenarios" data-provider="scenarios" finished-at="2024-09-30T12:27:52 CDT" duration-ms="6434" status="PASS">
          <params>
            <param index="0">
              <value>
                <![CDATA["Get All Users"]]>
              </value>
            </param>
            <param index="1">
              <value>
                <![CDATA["All CRUD operation in one"]]>
              </value>
            </param>
          </params>
          <reporter-output>
          </reporter-output>
        </test-method> <!-- runScenario -->
        <test-method signature="runScenario(io.cucumber.testng.PickleWrapper,io.cucumber.testng.FeatureWrapper)[pri:0, instance:runner.testrunner@5023bb8b]" started-at="2024-09-30T12:27:52 CDT" name="runScenario" description="Runs Cucumber Scenarios" data-provider="scenarios" finished-at="2024-09-30T12:27:55 CDT" duration-ms="3121" status="PASS">
          <params>
            <param index="0">
              <value>
                <![CDATA["Create User"]]>
              </value>
            </param>
            <param index="1">
              <value>
                <![CDATA["All CRUD operation in one"]]>
              </value>
            </param>
          </params>
          <reporter-output>
          </reporter-output>
        </test-method> <!-- runScenario -->
        <test-method signature="runScenario(io.cucumber.testng.PickleWrapper,io.cucumber.testng.FeatureWrapper)[pri:0, instance:runner.testrunner@5023bb8b]" started-at="2024-09-30T12:27:55 CDT" name="runScenario" description="Runs Cucumber Scenarios" data-provider="scenarios" finished-at="2024-09-30T12:27:56 CDT" duration-ms="978" status="PASS">
          <params>
            <param index="0">
              <value>
                <![CDATA["Get User by ID"]]>
              </value>
            </param>
            <param index="1">
              <value>
                <![CDATA["All CRUD operation in one"]]>
              </value>
            </param>
          </params>
          <reporter-output>
          </reporter-output>
        </test-method> <!-- runScenario -->
        <test-method signature="runScenario(io.cucumber.testng.PickleWrapper,io.cucumber.testng.FeatureWrapper)[pri:0, instance:runner.testrunner@5023bb8b]" started-at="2024-09-30T12:27:56 CDT" name="runScenario" description="Runs Cucumber Scenarios" data-provider="scenarios" finished-at="2024-09-30T12:27:57 CDT" duration-ms="925" status="PASS">
          <params>
            <param index="0">
              <value>
                <![CDATA["Update User by ID"]]>
              </value>
            </param>
            <param index="1">
              <value>
                <![CDATA["All CRUD operation in one"]]>
              </value>
            </param>
          </params>
          <reporter-output>
          </reporter-output>
        </test-method> <!-- runScenario -->
        <test-method signature="runScenario(io.cucumber.testng.PickleWrapper,io.cucumber.testng.FeatureWrapper)[pri:0, instance:runner.testrunner@5023bb8b]" started-at="2024-09-30T12:27:57 CDT" name="runScenario" description="Runs Cucumber Scenarios" data-provider="scenarios" finished-at="2024-09-30T12:27:58 CDT" duration-ms="891" status="PASS">
          <params>
            <param index="0">
              <value>
                <![CDATA["Get User by First Name"]]>
              </value>
            </param>
            <param index="1">
              <value>
                <![CDATA["All CRUD operation in one"]]>
              </value>
            </param>
          </params>
          <reporter-output>
          </reporter-output>
        </test-method> <!-- runScenario -->
        <test-method signature="runScenario(io.cucumber.testng.PickleWrapper,io.cucumber.testng.FeatureWrapper)[pri:0, instance:runner.testrunner@5023bb8b]" started-at="2024-09-30T12:27:58 CDT" name="runScenario" description="Runs Cucumber Scenarios" data-provider="scenarios" finished-at="2024-09-30T12:28:00 CDT" duration-ms="2359" status="PASS">
          <params>
            <param index="0">
              <value>
                <![CDATA["Delete User by ID"]]>
              </value>
            </param>
            <param index="1">
              <value>
                <![CDATA["All CRUD operation in one"]]>
              </value>
            </param>
          </params>
          <reporter-output>
          </reporter-output>
        </test-method> <!-- runScenario -->
        <test-method is-config="true" signature="tearDownClass()[pri:0, instance:runner.testrunner@5023bb8b]" started-at="2024-09-30T12:28:00 CDT" name="tearDownClass" finished-at="2024-09-30T12:28:00 CDT" duration-ms="232" status="PASS">
          <reporter-output>
          </reporter-output>
        </test-method> <!-- tearDownClass -->
      </class> <!-- runner.testrunner -->
    </test> <!-- Default test -->
  </suite> <!-- Default suite -->
</testng-results>
