<?xml version="1.0" encoding="UTF-8"?>
<testng-results ignored="0" total="8" passed="7" failed="1" skipped="0">
  <reporter-output>
  </reporter-output>
  <suite started-at="2024-09-25T10:13:30 CDT" name="Default suite" finished-at="2024-09-25T10:13:41 CDT" duration-ms="10490">
    <groups>
      <group name="cucumber">
        <method signature="AbstractTestNGCucumberTests.runScenario(io.cucumber.testng.PickleWrapper,io.cucumber.testng.FeatureWrapper)[pri:0, instance:runner.testrunner@169bb4dd]" name="runScenario" class="io.cucumber.testng.AbstractTestNGCucumberTests"/>
      </group> <!-- cucumber -->
    </groups>
    <test started-at="2024-09-25T10:13:30 CDT" name="Default test" finished-at="2024-09-25T10:13:41 CDT" duration-ms="10490">
      <class name="runner.testrunner">
        <test-method is-config="true" signature="setUpClass(org.testng.ITestContext)[pri:0, instance:runner.testrunner@169bb4dd]" started-at="2024-09-25T10:13:30 CDT" name="setUpClass" finished-at="2024-09-25T10:13:31 CDT" duration-ms="907" status="PASS">
          <params>
            <param index="0">
              <value>
                <![CDATA[org.testng.TestRunner@63326a3a]]>
              </value>
            </param>
          </params>
          <reporter-output>
          </reporter-output>
        </test-method> <!-- setUpClass -->
        <test-method signature="runScenario(io.cucumber.testng.PickleWrapper,io.cucumber.testng.FeatureWrapper)[pri:0, instance:runner.testrunner@169bb4dd]" started-at="2024-09-25T10:13:31 CDT" name="runScenario" description="Runs Cucumber Scenarios" data-provider="scenarios" finished-at="2024-09-25T10:13:36 CDT" duration-ms="4880" status="PASS">
          <params>
            <param index="0">
              <value>
                <![CDATA["Get All Users scenario"]]>
              </value>
            </param>
            <param index="1">
              <value>
                <![CDATA["Verify to Get All users"]]>
              </value>
            </param>
          </params>
          <reporter-output>
          </reporter-output>
        </test-method> <!-- runScenario -->
        <test-method signature="runScenario(io.cucumber.testng.PickleWrapper,io.cucumber.testng.FeatureWrapper)[pri:0, instance:runner.testrunner@169bb4dd]" started-at="2024-09-25T10:13:36 CDT" name="runScenario" description="Runs Cucumber Scenarios" data-provider="scenarios" finished-at="2024-09-25T10:13:37 CDT" duration-ms="811" status="PASS">
          <params>
            <param index="0">
              <value>
                <![CDATA["Get All Users scenario"]]>
              </value>
            </param>
            <param index="1">
              <value>
                <![CDATA["Verify to Get All users"]]>
              </value>
            </param>
          </params>
          <reporter-output>
          </reporter-output>
        </test-method> <!-- runScenario -->
        <test-method signature="runScenario(io.cucumber.testng.PickleWrapper,io.cucumber.testng.FeatureWrapper)[pri:0, instance:runner.testrunner@169bb4dd]" started-at="2024-09-25T10:13:37 CDT" name="runScenario" description="Runs Cucumber Scenarios" data-provider="scenarios" finished-at="2024-09-25T10:13:38 CDT" duration-ms="739" status="PASS">
          <params>
            <param index="0">
              <value>
                <![CDATA["Get All Users scenario"]]>
              </value>
            </param>
            <param index="1">
              <value>
                <![CDATA["Verify to Get All users"]]>
              </value>
            </param>
          </params>
          <reporter-output>
          </reporter-output>
        </test-method> <!-- runScenario -->
        <test-method signature="runScenario(io.cucumber.testng.PickleWrapper,io.cucumber.testng.FeatureWrapper)[pri:0, instance:runner.testrunner@169bb4dd]" started-at="2024-09-25T10:13:38 CDT" name="runScenario" description="Runs Cucumber Scenarios" data-provider="scenarios" finished-at="2024-09-25T10:13:38 CDT" duration-ms="763" status="PASS">
          <params>
            <param index="0">
              <value>
                <![CDATA["Get All Users scenario"]]>
              </value>
            </param>
            <param index="1">
              <value>
                <![CDATA["Verify to Get All users"]]>
              </value>
            </param>
          </params>
          <reporter-output>
          </reporter-output>
        </test-method> <!-- runScenario -->
        <test-method signature="runScenario(io.cucumber.testng.PickleWrapper,io.cucumber.testng.FeatureWrapper)[pri:0, instance:runner.testrunner@169bb4dd]" started-at="2024-09-25T10:13:38 CDT" name="runScenario" description="Runs Cucumber Scenarios" data-provider="scenarios" finished-at="2024-09-25T10:13:39 CDT" duration-ms="47" status="FAIL">
          <params>
            <param index="0">
              <value>
                <![CDATA["Get All Users scenario"]]>
              </value>
            </param>
            <param index="1">
              <value>
                <![CDATA["Verify to Get All users"]]>
              </value>
            </param>
          </params>
          <exception class="java.lang.NullPointerException">
            <message>
              <![CDATA[Cannot invoke "io.restassured.response.Response.then()" because "this.response" is null]]>
            </message>
            <full-stacktrace>
              <![CDATA[java.lang.NullPointerException: Cannot invoke "io.restassured.response.Response.then()" because "this.response" is null
at stepdefinition.getAllUsers.the_response_status_code_should_be(getAllUsers.java:72)
at ✽.the response status code should be 200(file:///Users/anusuyaselvaraj/codebase/RestAPINInja/src/test/resources/features/useroperations.feature:13)
]]>
            </full-stacktrace>
          </exception> <!-- java.lang.NullPointerException -->
          <reporter-output>
          </reporter-output>
        </test-method> <!-- runScenario -->
        <test-method signature="runScenario(io.cucumber.testng.PickleWrapper,io.cucumber.testng.FeatureWrapper)[pri:0, instance:runner.testrunner@169bb4dd]" started-at="2024-09-25T10:13:39 CDT" name="runScenario" description="Runs Cucumber Scenarios" data-provider="scenarios" finished-at="2024-09-25T10:13:39 CDT" duration-ms="730" status="PASS">
          <params>
            <param index="0">
              <value>
                <![CDATA["Get All Users scenario"]]>
              </value>
            </param>
            <param index="1">
              <value>
                <![CDATA["Verify to Get All users"]]>
              </value>
            </param>
          </params>
          <reporter-output>
          </reporter-output>
        </test-method> <!-- runScenario -->
        <test-method signature="runScenario(io.cucumber.testng.PickleWrapper,io.cucumber.testng.FeatureWrapper)[pri:0, instance:runner.testrunner@169bb4dd]" started-at="2024-09-25T10:13:39 CDT" name="runScenario" description="Runs Cucumber Scenarios" data-provider="scenarios" finished-at="2024-09-25T10:13:40 CDT" duration-ms="715" status="PASS">
          <params>
            <param index="0">
              <value>
                <![CDATA["Get All Users scenario"]]>
              </value>
            </param>
            <param index="1">
              <value>
                <![CDATA["Verify to Get All users"]]>
              </value>
            </param>
          </params>
          <reporter-output>
          </reporter-output>
        </test-method> <!-- runScenario -->
        <test-method signature="runScenario(io.cucumber.testng.PickleWrapper,io.cucumber.testng.FeatureWrapper)[pri:0, instance:runner.testrunner@169bb4dd]" started-at="2024-09-25T10:13:40 CDT" name="runScenario" description="Runs Cucumber Scenarios" data-provider="scenarios" finished-at="2024-09-25T10:13:41 CDT" duration-ms="701" status="PASS">
          <params>
            <param index="0">
              <value>
                <![CDATA["Get All Users scenario"]]>
              </value>
            </param>
            <param index="1">
              <value>
                <![CDATA["Verify to Get All users"]]>
              </value>
            </param>
          </params>
          <reporter-output>
          </reporter-output>
        </test-method> <!-- runScenario -->
        <test-method is-config="true" signature="tearDownClass()[pri:0, instance:runner.testrunner@169bb4dd]" started-at="2024-09-25T10:13:41 CDT" name="tearDownClass" finished-at="2024-09-25T10:13:41 CDT" duration-ms="56" status="PASS">
          <reporter-output>
          </reporter-output>
        </test-method> <!-- tearDownClass -->
      </class> <!-- runner.testrunner -->
    </test> <!-- Default test -->
  </suite> <!-- Default suite -->
</testng-results>
