<?xml version="1.0" encoding="UTF-8"?>
<!-- Generated by org.testng.reporters.JUnitReportReporter -->
<testsuite hostname="Anusuyas-MBP.lan" failures="0" tests="8" name="runner.testrunner" time="9.386" errors="1" timestamp="2024-09-25T10:13:41 CDT" skipped="0">
  <testcase classname="runner.testrunner" name="runScenario" time="0.763"/>
  <testcase classname="runner.testrunner" name="runScenario" time="0.730"/>
  <testcase classname="runner.testrunner" name="runScenario" time="4.880"/>
  <testcase classname="runner.testrunner" name="runScenario" time="0.047">
    <error message="Cannot invoke &quot;io.restassured.response.Response.then()&quot; because &quot;this.response&quot; is null" type="java.lang.NullPointerException">
      <![CDATA[java.lang.NullPointerException: Cannot invoke "io.restassured.response.Response.then()" because "this.response" is null
at stepdefinition.getAllUsers.the_response_status_code_should_be(getAllUsers.java:72)
at ✽.the response status code should be 200(file:///Users/anusuyaselvaraj/codebase/RestAPINInja/src/test/resources/features/useroperations.feature:13)
]]>
    </error>
  </testcase> <!-- runScenario -->
  <testcase classname="runner.testrunner" name="runScenario" time="0.715"/>
  <testcase classname="runner.testrunner" name="runScenario" time="0.701"/>
  <testcase classname="runner.testrunner" name="runScenario" time="0.811"/>
  <testcase classname="runner.testrunner" name="runScenario" time="0.739"/>
</testsuite> <!-- runner.testrunner -->
